[22:00:22] [SYSTEM] EQUIAID Welfare Classifier Training
[22:00:22] [SYSTEM] Model    : RF
[22:00:22] [SYSTEM] Epochs   : 20
[22:00:22] ━━━━━━━━━━━━━━━━━━━━━━━━━━━━━━━━━━━━━━━━━━━━
[22:00:22] [SYSTEM] LR       : 0.001
[22:00:22] [SYSTEM] Val Split: 20%
[22:00:22] [SYSTEM] Algorithm: Random Forest
[22:00:22] [INFO] Fetching street demographic features from database…
[22:00:22] ━━━━━━━━━━━━━━━━━━━━━━━━━━━━━━━━━━━━━━━━━━━━
[22:00:22] [INFO] Features: flood_frequency, poverty_rate_pct, pwd_count,
[22:00:22] [DATA] 215 records loaded.  train=172  val=43
[22:00:22] [INFO]           senior_count, fourps_households, informal_settlers_pct, vuln_score
[22:00:23] [INFO] Initialising Random Forest pipeline (StandardScaler + classifier)…
[22:00:23] loss: 1.1494  acc: 15.43%  val_loss: 1.1821  val_acc: 13.03%
[22:00:23] Epoch  1/20  [██░░░░░░░░░░░░░░░░░░░░░░░░░░░░]   5.0%  ETA: 57s
[22:00:23] [INFO] First epoch complete — model warming up.
[22:00:26] Epoch  2/20  [███░░░░░░░░░░░░░░░░░░░░░░░░░░░]  10.0%  ETA: 54s
[22:00:26] loss: 1.1238  acc: 15.50%  val_loss: 1.1641  val_acc: 13.03%
[22:00:29] Epoch  3/20  [█████░░░░░░░░░░░░░░░░░░░░░░░░░]  15.0%  ETA: 51s
[22:00:29] loss: 1.1498  acc: 16.44%  val_loss: 1.1928  val_acc: 13.95%
[22:00:32] Epoch  4/20  [██████░░░░░░░░░░░░░░░░░░░░░░░░]  20.0%  ETA: 48s
[22:00:32] loss: 1.1144  acc: 16.31%  val_loss: 1.1795  val_acc: 14.39%
[22:00:35] Epoch  5/20  [████████░░░░░░░░░░░░░░░░░░░░░░]  25.0%  ETA: 45s
[22:00:35] loss: 1.1340  acc: 15.83%  val_loss: 1.1968  val_acc: 14.42%
[22:00:35] [INFO] 25% complete — loss trending down.
[22:00:38] Epoch  6/20  [█████████░░░░░░░░░░░░░░░░░░░░░]  30.0%  ETA: 42s
[22:00:38] loss: 1.1117  acc: 16.46%  val_loss: 1.1778  val_acc: 14.26%
[22:00:41] Epoch  7/20  [███████████░░░░░░░░░░░░░░░░░░░]  35.0%  ETA: 39s
[22:00:41] loss: 1.1360  acc: 16.98%  val_loss: 1.1884  val_acc: 15.09%
[22:00:44] Epoch  8/20  [████████████░░░░░░░░░░░░░░░░░░]  40.0%  ETA: 36s
[22:00:44] loss: 1.1376  acc: 17.63%  val_loss: 1.1894  val_acc: 14.55%
